<?xml version="1.0" encoding="UTF-8"?>
<!-- Generated by org.testng.reporters.JUnitReportReporter -->
<testsuite hostname="DESKTOP-KT9NI55" failures="0" tests="3" name="testngPractice.day4" time="0.006" errors="0" timestamp="2024-02-08T22:36:44 IST" skipped="0">
  <testcase classname="testngPractice.day4" name="Webloginhomeloan" time="0.002"/>
  <testcase classname="testngPractice.day4" name="Mobileloginhomeloan" time="0.002"/>
  <testcase classname="testngPractice.day4" name="Apiloginhomeloan" time="0.002"/>
</testsuite> <!-- testngPractice.day4 -->
