<?xml version="1.0" encoding="UTF-8"?>
<!-- Generated by org.testng.reporters.JUnitReportReporter -->
<testsuite hostname="DESKTOP-KT9NI55" failures="0" tests="1" name="testngPractice.day2" time="0.002" errors="0" timestamp="2024-02-08T22:36:44 IST" skipped="0">
  <testcase classname="testngPractice.day2" name="demo" time="0.002"/>
</testsuite> <!-- testngPractice.day2 -->
