<?xml version="1.0" encoding="UTF-8"?>
<!-- Generated by org.testng.reporters.JUnitReportReporter -->
<testsuite hostname="DESKTOP-KT9NI55" failures="0" tests="5" name="testngPractice.day3" time="0.008" errors="0" timestamp="2024-02-08T22:36:44 IST" skipped="0">
  <testcase classname="testngPractice.day3" name="Apilogincarloan" time="0.001"/>
  <testcase classname="testngPractice.day3" name="Mobilesignoutcarloan" time="0.001"/>
  <testcase classname="testngPractice.day3" name="Mobilesignincarloan" time="0.002"/>
  <testcase classname="testngPractice.day3" name="Mobilelogincarloan" time="0.002"/>
  <testcase classname="testngPractice.day3" name="Weblogincarloan" time="0.002"/>
</testsuite> <!-- testngPractice.day3 -->
