<?xml version="1.0" encoding="UTF-8"?>
<!-- Generated by org.testng.reporters.JUnitReportReporter -->
<testsuite hostname="DESKTOP-KT9NI55" failures="0" tests="2" name="testngPractice.day1" time="0.008" errors="0" timestamp="2024-02-08T22:36:44 IST" skipped="0">
  <testcase classname="testngPractice.day1" name="demo1" time="0.001"/>
  <testcase classname="testngPractice.day1" name="demo" time="0.007"/>
</testsuite> <!-- testngPractice.day1 -->
